{"name": "test_sanmao_zajindan", "status": "broken", "statusDetails": {"message": "selenium.common.exceptions.TimeoutException: Message:", "trace": "self = <testsuits.web_auto.test_sanmao_web.Test_Case object at 0x000001D9CC751710>, driver = <selenium.webdriver.chrome.webdriver.WebDriver (session=\"85fdf969bcbcf6010a094b57e648f0e9\")>\n\n    @pytest.mark.usefixtures('sanmao_log')\n    def test_sanmao_zajindan(self,driver):\n        '''会员中心'''\n>       pro.knock_egg(driver)\n\ntest_sanmao_web.py:61: \n_ _ _ _ _ _ _ _ _ _ _ _ _ _ _ _ _ _ _ _ _ _ _ _ _ _ _ _ _ _ _ _ _ _ _ _ _ _ _ _ _ _ _ _ _ _ _ _ _ _ _ _ _ _ _ _ _ _ _ _ _ _ _ _ _ _ _ _ _ _ _ _ _ _ _ _ _ _ _ _ _ _ _ _ _ _ _ _ _ _ _ _ _ _ _ _ _ _ _ _ _ _ _ _ _ _ _ _ _ _ _ _ _ _ _ _\n..\\..\\pageobject\\webpage\\za_jindan.py:16: in knock_egg\n    web.click(webInfo['vip_hrspl'])\n..\\..\\core\\webbase.py:68: in click\n    raise e\n..\\..\\core\\webbase.py:63: in click\n    ele = WebDriverWait(self.driver, self.timeout, self.t).until(EC.element_to_be_clickable(tuple(locator)))\n_ _ _ _ _ _ _ _ _ _ _ _ _ _ _ _ _ _ _ _ _ _ _ _ _ _ _ _ _ _ _ _ _ _ _ _ _ _ _ _ _ _ _ _ _ _ _ _ _ _ _ _ _ _ _ _ _ _ _ _ _ _ _ _ _ _ _ _ _ _ _ _ _ _ _ _ _ _ _ _ _ _ _ _ _ _ _ _ _ _ _ _ _ _ _ _ _ _ _ _ _ _ _ _ _ _ _ _ _ _ _ _ _ _ _ _\n\nself = <selenium.webdriver.support.wait.WebDriverWait (session=\"85fdf969bcbcf6010a094b57e648f0e9\")>, method = <selenium.webdriver.support.expected_conditions.element_to_be_clickable object at 0x000001D9CC746B38>, message = ''\n\n    def until(self, method, message=''):\n        \"\"\"Calls the method provided with the driver as an argument until the \\\n        return value is not False.\"\"\"\n        screen = None\n        stacktrace = None\n    \n        end_time = time.time() + self._timeout\n        while True:\n            try:\n                value = method(self._driver)\n                if value:\n                    return value\n            except self._ignored_exceptions as exc:\n                screen = getattr(exc, 'screen', None)\n                stacktrace = getattr(exc, 'stacktrace', None)\n            time.sleep(self._poll)\n            if time.time() > end_time:\n                break\n>       raise TimeoutException(message, screen, stacktrace)\nE       selenium.common.exceptions.TimeoutException: Message:\n\nf:\\python3.6.8\\lib\\site-packages\\selenium\\webdriver\\support\\wait.py:80: TimeoutException"}, "description": "会员中心", "steps": [{"name": "添加失败截图...", "status": "passed", "attachments": [{"name": "失败截图", "source": "013fb702-19ed-4dbc-8028-263ae6204cb4-attachment.png", "type": "image/png"}], "start": 1637305570328, "stop": 1637305570513}], "attachments": [{"name": "log", "source": "8a41b629-6e76-4ad9-b3c1-f1d3cb99d831-attachment.txt", "type": "text/plain"}, {"name": "stdout", "source": "89dd6450-cebc-4ed8-a47d-73e63e743bb3-attachment.txt", "type": "text/plain"}], "start": 1637305559953, "stop": 1637305570225, "uuid": "30260007-6174-4f32-a7a0-f09a76740404", "historyId": "7c3b81aae2fa70bf535bd5df87aee01c", "testCaseId": "3e9c148e9cf5d91a5bebf90f7f8af2d7", "fullName": "testsuits.web_auto.test_sanmao_web.Test_Case#test_sanmao_zajindan", "labels": [{"name": "parentSuite", "value": "testsuits.web_auto"}, {"name": "suite", "value": "test_sanmao_web"}, {"name": "subSuite", "value": "Test_Case"}, {"name": "host", "value": "DESKTOP-R5NO6F5"}, {"name": "thread", "value": "24068-MainThread"}, {"name": "framework", "value": "pytest"}, {"name": "language", "value": "cpython3"}, {"name": "package", "value": "testsuits.web_auto.test_sanmao_web"}]}